<?xml version="1.0" encoding="UTF-8"?>
<testsuite xmlns:xsi="http://www.w3.org/2001/XMLSchema-instance" xsi:noNamespaceSchemaLocation="https://maven.apache.org/surefire/maven-surefire-plugin/xsd/surefire-test-report-3.0.xsd" version="3.0" name="Search" time="48.218" tests="18" errors="0" skipped="0" failures="0">
  <properties>
    <property name="gopherProxySet" value="false"/>
    <property name="awt.toolkit" value="sun.lwawt.macosx.LWCToolkit"/>
    <property name="file.encoding.pkg" value="sun.io"/>
    <property name="java.specification.version" value="1.8"/>
    <property name="webdriver.chrome.driver" value="/Users/OIG/.m2/repository/webdriver/chromedriver/mac64/85.0.4183.87/chromedriver"/>
    <property name="sun.cpu.isalist" value=""/>
    <property name="sun.jnu.encoding" value="UTF-8"/>
    <property name="java.class.path" value="/Users/OIG/IdeaProjects/cybertek18-cucumber-junit/target/test-classes:/Users/OIG/IdeaProjects/cybertek18-cucumber-junit/target/classes:/Users/OIG/.m2/repository/io/cucumber/cucumber-java/6.2.2/cucumber-java-6.2.2.jar:/Users/OIG/.m2/repository/io/cucumber/cucumber-core/6.2.2/cucumber-core-6.2.2.jar:/Users/OIG/.m2/repository/io/cucumber/cucumber-gherkin/6.2.2/cucumber-gherkin-6.2.2.jar:/Users/OIG/.m2/repository/io/cucumber/cucumber-gherkin-messages/6.2.2/cucumber-gherkin-messages-6.2.2.jar:/Users/OIG/.m2/repository/io/cucumber/messages/12.2.0/messages-12.2.0.jar:/Users/OIG/.m2/repository/io/cucumber/tag-expressions/3.0.0/tag-expressions-3.0.0.jar:/Users/OIG/.m2/repository/io/cucumber/cucumber-expressions/10.2.1/cucumber-expressions-10.2.1.jar:/Users/OIG/.m2/repository/io/cucumber/datatable/3.3.1/datatable-3.3.1.jar:/Users/OIG/.m2/repository/io/cucumber/cucumber-plugin/6.2.2/cucumber-plugin-6.2.2.jar:/Users/OIG/.m2/repository/io/cucumber/docstring/6.2.2/docstring-6.2.2.jar:/Users/OIG/.m2/repository/io/cucumber/html-formatter/7.0.0/html-formatter-7.0.0.jar:/Users/OIG/.m2/repository/org/apiguardian/apiguardian-api/1.1.0/apiguardian-api-1.1.0.jar:/Users/OIG/.m2/repository/io/cucumber/cucumber-junit/6.2.2/cucumber-junit-6.2.2.jar:/Users/OIG/.m2/repository/junit/junit/4.13/junit-4.13.jar:/Users/OIG/.m2/repository/org/hamcrest/hamcrest-core/1.3/hamcrest-core-1.3.jar:/Users/OIG/.m2/repository/org/seleniumhq/selenium/selenium-java/3.141.59/selenium-java-3.141.59.jar:/Users/OIG/.m2/repository/org/seleniumhq/selenium/selenium-api/3.141.59/selenium-api-3.141.59.jar:/Users/OIG/.m2/repository/org/seleniumhq/selenium/selenium-chrome-driver/3.141.59/selenium-chrome-driver-3.141.59.jar:/Users/OIG/.m2/repository/org/seleniumhq/selenium/selenium-edge-driver/3.141.59/selenium-edge-driver-3.141.59.jar:/Users/OIG/.m2/repository/org/seleniumhq/selenium/selenium-firefox-driver/3.141.59/selenium-firefox-driver-3.141.59.jar:/Users/OIG/.m2/repository/org/seleniumhq/selenium/selenium-ie-driver/3.141.59/selenium-ie-driver-3.141.59.jar:/Users/OIG/.m2/repository/org/seleniumhq/selenium/selenium-opera-driver/3.141.59/selenium-opera-driver-3.141.59.jar:/Users/OIG/.m2/repository/org/seleniumhq/selenium/selenium-remote-driver/3.141.59/selenium-remote-driver-3.141.59.jar:/Users/OIG/.m2/repository/org/seleniumhq/selenium/selenium-safari-driver/3.141.59/selenium-safari-driver-3.141.59.jar:/Users/OIG/.m2/repository/org/seleniumhq/selenium/selenium-support/3.141.59/selenium-support-3.141.59.jar:/Users/OIG/.m2/repository/net/bytebuddy/byte-buddy/1.8.15/byte-buddy-1.8.15.jar:/Users/OIG/.m2/repository/org/apache/commons/commons-exec/1.3/commons-exec-1.3.jar:/Users/OIG/.m2/repository/com/google/guava/guava/25.0-jre/guava-25.0-jre.jar:/Users/OIG/.m2/repository/com/google/code/findbugs/jsr305/1.3.9/jsr305-1.3.9.jar:/Users/OIG/.m2/repository/org/checkerframework/checker-compat-qual/2.0.0/checker-compat-qual-2.0.0.jar:/Users/OIG/.m2/repository/com/google/errorprone/error_prone_annotations/2.1.3/error_prone_annotations-2.1.3.jar:/Users/OIG/.m2/repository/com/google/j2objc/j2objc-annotations/1.1/j2objc-annotations-1.1.jar:/Users/OIG/.m2/repository/org/codehaus/mojo/animal-sniffer-annotations/1.14/animal-sniffer-annotations-1.14.jar:/Users/OIG/.m2/repository/com/squareup/okhttp3/okhttp/3.11.0/okhttp-3.11.0.jar:/Users/OIG/.m2/repository/com/squareup/okio/okio/1.14.0/okio-1.14.0.jar:/Users/OIG/.m2/repository/io/github/bonigarcia/webdrivermanager/4.0.0/webdrivermanager-4.0.0.jar:/Users/OIG/.m2/repository/org/slf4j/slf4j-api/1.7.30/slf4j-api-1.7.30.jar:/Users/OIG/.m2/repository/commons-io/commons-io/2.6/commons-io-2.6.jar:/Users/OIG/.m2/repository/com/google/code/gson/gson/2.8.6/gson-2.8.6.jar:/Users/OIG/.m2/repository/org/apache/commons/commons-lang3/3.10/commons-lang3-3.10.jar:/Users/OIG/.m2/repository/org/apache/httpcomponents/client5/httpclient5/5.0/httpclient5-5.0.jar:/Users/OIG/.m2/repository/org/apache/httpcomponents/core5/httpcore5/5.0/httpcore5-5.0.jar:/Users/OIG/.m2/repository/org/apache/httpcomponents/core5/httpcore5-h2/5.0/httpcore5-h2-5.0.jar:/Users/OIG/.m2/repository/commons-codec/commons-codec/1.13/commons-codec-1.13.jar:/Users/OIG/.m2/repository/org/rauschig/jarchivelib/1.0.0/jarchivelib-1.0.0.jar:/Users/OIG/.m2/repository/org/apache/commons/commons-compress/1.18/commons-compress-1.18.jar:/Users/OIG/.m2/repository/org/jsoup/jsoup/1.13.1/jsoup-1.13.1.jar:/Users/OIG/.m2/repository/com/github/javafaker/javafaker/1.0.2/javafaker-1.0.2.jar:/Users/OIG/.m2/repository/org/yaml/snakeyaml/1.23/snakeyaml-1.23-android.jar:/Users/OIG/.m2/repository/com/github/mifmif/generex/1.0.2/generex-1.0.2.jar:/Users/OIG/.m2/repository/dk/brics/automaton/automaton/1.11-8/automaton-1.11-8.jar:"/>
    <property name="java.vm.vendor" value="Oracle Corporation"/>
    <property name="sun.arch.data.model" value="64"/>
    <property name="java.vendor.url" value="http://java.oracle.com/"/>
    <property name="user.timezone" value="America/Chicago"/>
    <property name="java.vm.specification.version" value="1.8"/>
    <property name="os.name" value="Mac OS X"/>
    <property name="user.country" value="US"/>
    <property name="sun.java.launcher" value="SUN_STANDARD"/>
    <property name="sun.boot.library.path" value="/Library/Java/JavaVirtualMachines/jdk1.8.0_231.jdk/Contents/Home/jre/lib"/>
    <property name="sun.java.command" value="/Users/OIG/IdeaProjects/cybertek18-cucumber-junit/target/surefire/surefirebooter6868879457596008734.jar /Users/OIG/IdeaProjects/cybertek18-cucumber-junit/target/surefire 2020-09-06T23-59-10_923-jvmRun1 surefire2206235929407749092tmp surefire_25522278632101470623tmp"/>
    <property name="http.nonProxyHosts" value="local|*.local|169.254/16|*.169.254/16"/>
    <property name="surefire.test.class.path" value="/Users/OIG/IdeaProjects/cybertek18-cucumber-junit/target/test-classes:/Users/OIG/IdeaProjects/cybertek18-cucumber-junit/target/classes:/Users/OIG/.m2/repository/io/cucumber/cucumber-java/6.2.2/cucumber-java-6.2.2.jar:/Users/OIG/.m2/repository/io/cucumber/cucumber-core/6.2.2/cucumber-core-6.2.2.jar:/Users/OIG/.m2/repository/io/cucumber/cucumber-gherkin/6.2.2/cucumber-gherkin-6.2.2.jar:/Users/OIG/.m2/repository/io/cucumber/cucumber-gherkin-messages/6.2.2/cucumber-gherkin-messages-6.2.2.jar:/Users/OIG/.m2/repository/io/cucumber/messages/12.2.0/messages-12.2.0.jar:/Users/OIG/.m2/repository/io/cucumber/tag-expressions/3.0.0/tag-expressions-3.0.0.jar:/Users/OIG/.m2/repository/io/cucumber/cucumber-expressions/10.2.1/cucumber-expressions-10.2.1.jar:/Users/OIG/.m2/repository/io/cucumber/datatable/3.3.1/datatable-3.3.1.jar:/Users/OIG/.m2/repository/io/cucumber/cucumber-plugin/6.2.2/cucumber-plugin-6.2.2.jar:/Users/OIG/.m2/repository/io/cucumber/docstring/6.2.2/docstring-6.2.2.jar:/Users/OIG/.m2/repository/io/cucumber/html-formatter/7.0.0/html-formatter-7.0.0.jar:/Users/OIG/.m2/repository/org/apiguardian/apiguardian-api/1.1.0/apiguardian-api-1.1.0.jar:/Users/OIG/.m2/repository/io/cucumber/cucumber-junit/6.2.2/cucumber-junit-6.2.2.jar:/Users/OIG/.m2/repository/junit/junit/4.13/junit-4.13.jar:/Users/OIG/.m2/repository/org/hamcrest/hamcrest-core/1.3/hamcrest-core-1.3.jar:/Users/OIG/.m2/repository/org/seleniumhq/selenium/selenium-java/3.141.59/selenium-java-3.141.59.jar:/Users/OIG/.m2/repository/org/seleniumhq/selenium/selenium-api/3.141.59/selenium-api-3.141.59.jar:/Users/OIG/.m2/repository/org/seleniumhq/selenium/selenium-chrome-driver/3.141.59/selenium-chrome-driver-3.141.59.jar:/Users/OIG/.m2/repository/org/seleniumhq/selenium/selenium-edge-driver/3.141.59/selenium-edge-driver-3.141.59.jar:/Users/OIG/.m2/repository/org/seleniumhq/selenium/selenium-firefox-driver/3.141.59/selenium-firefox-driver-3.141.59.jar:/Users/OIG/.m2/repository/org/seleniumhq/selenium/selenium-ie-driver/3.141.59/selenium-ie-driver-3.141.59.jar:/Users/OIG/.m2/repository/org/seleniumhq/selenium/selenium-opera-driver/3.141.59/selenium-opera-driver-3.141.59.jar:/Users/OIG/.m2/repository/org/seleniumhq/selenium/selenium-remote-driver/3.141.59/selenium-remote-driver-3.141.59.jar:/Users/OIG/.m2/repository/org/seleniumhq/selenium/selenium-safari-driver/3.141.59/selenium-safari-driver-3.141.59.jar:/Users/OIG/.m2/repository/org/seleniumhq/selenium/selenium-support/3.141.59/selenium-support-3.141.59.jar:/Users/OIG/.m2/repository/net/bytebuddy/byte-buddy/1.8.15/byte-buddy-1.8.15.jar:/Users/OIG/.m2/repository/org/apache/commons/commons-exec/1.3/commons-exec-1.3.jar:/Users/OIG/.m2/repository/com/google/guava/guava/25.0-jre/guava-25.0-jre.jar:/Users/OIG/.m2/repository/com/google/code/findbugs/jsr305/1.3.9/jsr305-1.3.9.jar:/Users/OIG/.m2/repository/org/checkerframework/checker-compat-qual/2.0.0/checker-compat-qual-2.0.0.jar:/Users/OIG/.m2/repository/com/google/errorprone/error_prone_annotations/2.1.3/error_prone_annotations-2.1.3.jar:/Users/OIG/.m2/repository/com/google/j2objc/j2objc-annotations/1.1/j2objc-annotations-1.1.jar:/Users/OIG/.m2/repository/org/codehaus/mojo/animal-sniffer-annotations/1.14/animal-sniffer-annotations-1.14.jar:/Users/OIG/.m2/repository/com/squareup/okhttp3/okhttp/3.11.0/okhttp-3.11.0.jar:/Users/OIG/.m2/repository/com/squareup/okio/okio/1.14.0/okio-1.14.0.jar:/Users/OIG/.m2/repository/io/github/bonigarcia/webdrivermanager/4.0.0/webdrivermanager-4.0.0.jar:/Users/OIG/.m2/repository/org/slf4j/slf4j-api/1.7.30/slf4j-api-1.7.30.jar:/Users/OIG/.m2/repository/commons-io/commons-io/2.6/commons-io-2.6.jar:/Users/OIG/.m2/repository/com/google/code/gson/gson/2.8.6/gson-2.8.6.jar:/Users/OIG/.m2/repository/org/apache/commons/commons-lang3/3.10/commons-lang3-3.10.jar:/Users/OIG/.m2/repository/org/apache/httpcomponents/client5/httpclient5/5.0/httpclient5-5.0.jar:/Users/OIG/.m2/repository/org/apache/httpcomponents/core5/httpcore5/5.0/httpcore5-5.0.jar:/Users/OIG/.m2/repository/org/apache/httpcomponents/core5/httpcore5-h2/5.0/httpcore5-h2-5.0.jar:/Users/OIG/.m2/repository/commons-codec/commons-codec/1.13/commons-codec-1.13.jar:/Users/OIG/.m2/repository/org/rauschig/jarchivelib/1.0.0/jarchivelib-1.0.0.jar:/Users/OIG/.m2/repository/org/apache/commons/commons-compress/1.18/commons-compress-1.18.jar:/Users/OIG/.m2/repository/org/jsoup/jsoup/1.13.1/jsoup-1.13.1.jar:/Users/OIG/.m2/repository/com/github/javafaker/javafaker/1.0.2/javafaker-1.0.2.jar:/Users/OIG/.m2/repository/org/yaml/snakeyaml/1.23/snakeyaml-1.23-android.jar:/Users/OIG/.m2/repository/com/github/mifmif/generex/1.0.2/generex-1.0.2.jar:/Users/OIG/.m2/repository/dk/brics/automaton/automaton/1.11-8/automaton-1.11-8.jar:"/>
    <property name="sun.cpu.endian" value="little"/>
    <property name="user.home" value="/Users/OIG"/>
    <property name="user.language" value="en"/>
    <property name="java.specification.vendor" value="Oracle Corporation"/>
    <property name="java.home" value="/Library/Java/JavaVirtualMachines/jdk1.8.0_231.jdk/Contents/Home/jre"/>
    <property name="basedir" value="/Users/OIG/IdeaProjects/cybertek18-cucumber-junit"/>
    <property name="file.separator" value="/"/>
    <property name="line.separator" value="&#10;"/>
    <property name="java.vm.specification.vendor" value="Oracle Corporation"/>
    <property name="java.specification.name" value="Java Platform API Specification"/>
    <property name="java.awt.graphicsenv" value="sun.awt.CGraphicsEnvironment"/>
    <property name="idea.version2020.1.1" value="true"/>
    <property name="surefire.real.class.path" value="/Users/OIG/IdeaProjects/cybertek18-cucumber-junit/target/surefire/surefirebooter6868879457596008734.jar"/>
    <property name="sun.boot.class.path" value="/Library/Java/JavaVirtualMachines/jdk1.8.0_231.jdk/Contents/Home/jre/lib/resources.jar:/Library/Java/JavaVirtualMachines/jdk1.8.0_231.jdk/Contents/Home/jre/lib/rt.jar:/Library/Java/JavaVirtualMachines/jdk1.8.0_231.jdk/Contents/Home/jre/lib/sunrsasign.jar:/Library/Java/JavaVirtualMachines/jdk1.8.0_231.jdk/Contents/Home/jre/lib/jsse.jar:/Library/Java/JavaVirtualMachines/jdk1.8.0_231.jdk/Contents/Home/jre/lib/jce.jar:/Library/Java/JavaVirtualMachines/jdk1.8.0_231.jdk/Contents/Home/jre/lib/charsets.jar:/Library/Java/JavaVirtualMachines/jdk1.8.0_231.jdk/Contents/Home/jre/lib/jfr.jar:/Library/Java/JavaVirtualMachines/jdk1.8.0_231.jdk/Contents/Home/jre/classes"/>
    <property name="sun.management.compiler" value="HotSpot 64-Bit Tiered Compilers"/>
    <property name="ftp.nonProxyHosts" value="local|*.local|169.254/16|*.169.254/16"/>
    <property name="java.runtime.version" value="1.8.0_231-b11"/>
    <property name="user.name" value="OIG"/>
    <property name="path.separator" value=":"/>
    <property name="os.version" value="10.15.5"/>
    <property name="java.endorsed.dirs" value="/Library/Java/JavaVirtualMachines/jdk1.8.0_231.jdk/Contents/Home/jre/lib/endorsed"/>
    <property name="java.runtime.name" value="Java(TM) SE Runtime Environment"/>
    <property name="file.encoding" value="UTF-8"/>
    <property name="java.vm.name" value="Java HotSpot(TM) 64-Bit Server VM"/>
    <property name="localRepository" value="/Users/OIG/.m2/repository"/>
    <property name="java.vendor.url.bug" value="http://bugreport.sun.com/bugreport/"/>
    <property name="java.io.tmpdir" value="/var/folders/lq/0g73fbrj1ll6dzxncvrxjzv80000gn/T/"/>
    <property name="java.version" value="1.8.0_231"/>
    <property name="user.dir" value="/Users/OIG/IdeaProjects/cybertek18-cucumber-junit"/>
    <property name="os.arch" value="x86_64"/>
    <property name="java.vm.specification.name" value="Java Virtual Machine Specification"/>
    <property name="java.awt.printerjob" value="sun.lwawt.macosx.CPrinterJob"/>
    <property name="sun.os.patch.level" value="unknown"/>
    <property name="java.library.path" value="/Users/OIG/Library/Java/Extensions:/Library/Java/Extensions:/Network/Library/Java/Extensions:/System/Library/Java/Extensions:/usr/lib/java:."/>
    <property name="java.vm.info" value="mixed mode"/>
    <property name="java.vendor" value="Oracle Corporation"/>
    <property name="java.vm.version" value="25.231-b11"/>
    <property name="java.ext.dirs" value="/Users/OIG/Library/Java/Extensions:/Library/Java/JavaVirtualMachines/jdk1.8.0_231.jdk/Contents/Home/jre/lib/ext:/Library/Java/Extensions:/Network/Library/Java/Extensions:/System/Library/Java/Extensions:/usr/lib/java"/>
    <property name="sun.io.unicode.encoding" value="UnicodeBig"/>
    <property name="java.class.version" value="52.0"/>
    <property name="socksNonProxyHosts" value="local|*.local|169.254/16|*.169.254/16"/>
  </properties>
  <testcase name="Google title verification after search #1" classname="Search" time="11.284">
    <system-out><![CDATA[===========> BEFORESTEP: TAKING SCREENSHOT <===========
===========> AFTERSTEP: TAKING SCREENSHOT <===========
===========> BEFORESTEP: TAKING SCREENSHOT <===========
===========> AFTERSTEP: TAKING SCREENSHOT <===========
===========> BEFORESTEP: TAKING SCREENSHOT <===========
===========> AFTERSTEP: TAKING SCREENSHOT <===========
]]></system-out>
    <system-err><![CDATA[SLF4J: Failed to load class "org.slf4j.impl.StaticLoggerBinder".
SLF4J: Defaulting to no-operation (NOP) logger implementation
SLF4J: See http://www.slf4j.org/codes.html#StaticLoggerBinder for further details.
Starting ChromeDriver 85.0.4183.87 (cd6713ebf92fa1cacc0f1a598df280093af0c5d7-refs/branch-heads/4183@{#1689}) on port 27531
Only local connections are allowed.
Please see https://chromedriver.chromium.org/security-considerations for suggestions on keeping ChromeDriver safe.
ChromeDriver was started successfully.
Sep 06, 2020 11:59:20 PM org.openqa.selenium.remote.ProtocolHandshake createSession
INFO: Detected dialect: W3C
]]></system-err>
  </testcase>
  <testcase name="Google title verification after search #2" classname="Search" time="3.617">
    <system-out><![CDATA[===========> BEFORESTEP: TAKING SCREENSHOT <===========
===========> AFTERSTEP: TAKING SCREENSHOT <===========
===========> BEFORESTEP: TAKING SCREENSHOT <===========
===========> AFTERSTEP: TAKING SCREENSHOT <===========
===========> BEFORESTEP: TAKING SCREENSHOT <===========
===========> AFTERSTEP: TAKING SCREENSHOT <===========
]]></system-out>
  </testcase>
  <testcase name="Google title verification after search #3" classname="Search" time="3.5">
    <system-out><![CDATA[===========> BEFORESTEP: TAKING SCREENSHOT <===========
===========> AFTERSTEP: TAKING SCREENSHOT <===========
===========> BEFORESTEP: TAKING SCREENSHOT <===========
===========> AFTERSTEP: TAKING SCREENSHOT <===========
===========> BEFORESTEP: TAKING SCREENSHOT <===========
===========> AFTERSTEP: TAKING SCREENSHOT <===========
]]></system-out>
  </testcase>
  <testcase name="Google title verification after search #4" classname="Search" time="2.226">
    <system-out><![CDATA[===========> BEFORESTEP: TAKING SCREENSHOT <===========
===========> AFTERSTEP: TAKING SCREENSHOT <===========
===========> BEFORESTEP: TAKING SCREENSHOT <===========
===========> AFTERSTEP: TAKING SCREENSHOT <===========
===========> BEFORESTEP: TAKING SCREENSHOT <===========
===========> AFTERSTEP: TAKING SCREENSHOT <===========
]]></system-out>
  </testcase>
  <testcase name="Google title verification after search #5" classname="Search" time="2.07">
    <system-out><![CDATA[===========> BEFORESTEP: TAKING SCREENSHOT <===========
===========> AFTERSTEP: TAKING SCREENSHOT <===========
===========> BEFORESTEP: TAKING SCREENSHOT <===========
===========> AFTERSTEP: TAKING SCREENSHOT <===========
===========> BEFORESTEP: TAKING SCREENSHOT <===========
===========> AFTERSTEP: TAKING SCREENSHOT <===========
]]></system-out>
  </testcase>
  <testcase name="Google title verification after search #6" classname="Search" time="1.467">
    <system-out><![CDATA[===========> BEFORESTEP: TAKING SCREENSHOT <===========
===========> AFTERSTEP: TAKING SCREENSHOT <===========
===========> BEFORESTEP: TAKING SCREENSHOT <===========
===========> AFTERSTEP: TAKING SCREENSHOT <===========
===========> BEFORESTEP: TAKING SCREENSHOT <===========
===========> AFTERSTEP: TAKING SCREENSHOT <===========
]]></system-out>
  </testcase>
  <testcase name="Google title verification after search #7" classname="Search" time="2.327">
    <system-out><![CDATA[===========> BEFORESTEP: TAKING SCREENSHOT <===========
===========> AFTERSTEP: TAKING SCREENSHOT <===========
===========> BEFORESTEP: TAKING SCREENSHOT <===========
===========> AFTERSTEP: TAKING SCREENSHOT <===========
===========> BEFORESTEP: TAKING SCREENSHOT <===========
===========> AFTERSTEP: TAKING SCREENSHOT <===========
]]></system-out>
  </testcase>
  <testcase name="Google title verification after search #8" classname="Search" time="1.913">
    <system-out><![CDATA[===========> BEFORESTEP: TAKING SCREENSHOT <===========
===========> AFTERSTEP: TAKING SCREENSHOT <===========
===========> BEFORESTEP: TAKING SCREENSHOT <===========
===========> AFTERSTEP: TAKING SCREENSHOT <===========
===========> BEFORESTEP: TAKING SCREENSHOT <===========
===========> AFTERSTEP: TAKING SCREENSHOT <===========
]]></system-out>
  </testcase>
  <testcase name="Google title verification after search #9" classname="Search" time="1.953">
    <system-out><![CDATA[===========> BEFORESTEP: TAKING SCREENSHOT <===========
===========> AFTERSTEP: TAKING SCREENSHOT <===========
===========> BEFORESTEP: TAKING SCREENSHOT <===========
===========> AFTERSTEP: TAKING SCREENSHOT <===========
===========> BEFORESTEP: TAKING SCREENSHOT <===========
===========> AFTERSTEP: TAKING SCREENSHOT <===========
]]></system-out>
  </testcase>
  <testcase name="Google title verification after search #10" classname="Search" time="2.191">
    <system-out><![CDATA[===========> BEFORESTEP: TAKING SCREENSHOT <===========
===========> AFTERSTEP: TAKING SCREENSHOT <===========
===========> BEFORESTEP: TAKING SCREENSHOT <===========
===========> AFTERSTEP: TAKING SCREENSHOT <===========
===========> BEFORESTEP: TAKING SCREENSHOT <===========
===========> AFTERSTEP: TAKING SCREENSHOT <===========
]]></system-out>
  </testcase>
  <testcase name="Google title verification after search #11" classname="Search" time="2.029">
    <system-out><![CDATA[===========> BEFORESTEP: TAKING SCREENSHOT <===========
===========> AFTERSTEP: TAKING SCREENSHOT <===========
===========> BEFORESTEP: TAKING SCREENSHOT <===========
===========> AFTERSTEP: TAKING SCREENSHOT <===========
===========> BEFORESTEP: TAKING SCREENSHOT <===========
===========> AFTERSTEP: TAKING SCREENSHOT <===========
]]></system-out>
  </testcase>
  <testcase name="Google title verification after search #12" classname="Search" time="2.676">
    <system-out><![CDATA[===========> BEFORESTEP: TAKING SCREENSHOT <===========
===========> AFTERSTEP: TAKING SCREENSHOT <===========
===========> BEFORESTEP: TAKING SCREENSHOT <===========
===========> AFTERSTEP: TAKING SCREENSHOT <===========
===========> BEFORESTEP: TAKING SCREENSHOT <===========
===========> AFTERSTEP: TAKING SCREENSHOT <===========
]]></system-out>
  </testcase>
  <testcase name="Google title verification after search #13" classname="Search" time="2.32">
    <system-out><![CDATA[===========> BEFORESTEP: TAKING SCREENSHOT <===========
===========> AFTERSTEP: TAKING SCREENSHOT <===========
===========> BEFORESTEP: TAKING SCREENSHOT <===========
===========> AFTERSTEP: TAKING SCREENSHOT <===========
===========> BEFORESTEP: TAKING SCREENSHOT <===========
===========> AFTERSTEP: TAKING SCREENSHOT <===========
]]></system-out>
  </testcase>
  <testcase name="Google title verification after search #14" classname="Search" time="1.807">
    <system-out><![CDATA[===========> BEFORESTEP: TAKING SCREENSHOT <===========
===========> AFTERSTEP: TAKING SCREENSHOT <===========
===========> BEFORESTEP: TAKING SCREENSHOT <===========
===========> AFTERSTEP: TAKING SCREENSHOT <===========
===========> BEFORESTEP: TAKING SCREENSHOT <===========
===========> AFTERSTEP: TAKING SCREENSHOT <===========
]]></system-out>
  </testcase>
  <testcase name="Google title verification after search #15" classname="Search" time="1.668">
    <system-out><![CDATA[===========> BEFORESTEP: TAKING SCREENSHOT <===========
===========> AFTERSTEP: TAKING SCREENSHOT <===========
===========> BEFORESTEP: TAKING SCREENSHOT <===========
===========> AFTERSTEP: TAKING SCREENSHOT <===========
===========> BEFORESTEP: TAKING SCREENSHOT <===========
===========> AFTERSTEP: TAKING SCREENSHOT <===========
]]></system-out>
  </testcase>
  <testcase name="Google title verification after search #16" classname="Search" time="1.553">
    <system-out><![CDATA[===========> BEFORESTEP: TAKING SCREENSHOT <===========
===========> AFTERSTEP: TAKING SCREENSHOT <===========
===========> BEFORESTEP: TAKING SCREENSHOT <===========
===========> AFTERSTEP: TAKING SCREENSHOT <===========
===========> BEFORESTEP: TAKING SCREENSHOT <===========
===========> AFTERSTEP: TAKING SCREENSHOT <===========
]]></system-out>
  </testcase>
  <testcase name="Google title verification after search #17" classname="Search" time="1.93">
    <system-out><![CDATA[===========> BEFORESTEP: TAKING SCREENSHOT <===========
===========> AFTERSTEP: TAKING SCREENSHOT <===========
===========> BEFORESTEP: TAKING SCREENSHOT <===========
===========> AFTERSTEP: TAKING SCREENSHOT <===========
===========> BEFORESTEP: TAKING SCREENSHOT <===========
===========> AFTERSTEP: TAKING SCREENSHOT <===========
]]></system-out>
  </testcase>
  <testcase name="Google title verification after search #18" classname="Search" time="1.687">
    <system-out><![CDATA[===========> BEFORESTEP: TAKING SCREENSHOT <===========
===========> AFTERSTEP: TAKING SCREENSHOT <===========
===========> BEFORESTEP: TAKING SCREENSHOT <===========
===========> AFTERSTEP: TAKING SCREENSHOT <===========
===========> BEFORESTEP: TAKING SCREENSHOT <===========
===========> AFTERSTEP: TAKING SCREENSHOT <===========
]]></system-out>
  </testcase>
</testsuite>